[JQUERY_UI_DEFAULT_MIN47B3.CSS]
[519E8BD752855_IMAGE.JPG]
[DROPDOWN81C9.CSS]
[DROPDOWN_VERTICAL81C9.CSS]
[DEFAULT81C9.CSS]
[STYLES_MIN13D2.CSS]
[_SWITCHER5D21.CSS]
[GLOWF41F.CSS]
[SOCIAL_SHARE_MIND8A1.CSS]
[COMMENTINGA1DF.CSS]
[ADS666A.CSS]
[ADS_DEMO_MIN666A.CSS]
[JQUERY_MINB4EF.JS]
[JQUERY_UI_MIN47B3.JS]
[YEPNOPE_MIN85DD.JS]
[USER13D2.JS]
[JQUERY_COOKIEB985.JS]
[FLOWPLAYER_3_2_6_MIN9E99.JS]
[FLOWPLAYER_PLAYLIST_3_0_7_MIN9E.JS]
[JQUERY_FRAMEB985.JS]
[COMMENTINGA1DF.JS]
[EMOTICONSA1DF.JS]
[REPLYA1DF.JS]
[ADS_EXPANDABLE666A.JS]
[ADS_PAGE_CURL666A.JS]
[ADS_TEXT666A.JS]
[PLACE_HOLDERB985.PNG]
[2AB24.PNG]
[519E8BDAD8F10_PREVIEW_300.JPG]
[519E8C3BB60A1_PREVIEW_300.JPG]
[51488C490562F_PREVIEW_200.JPG]
[508EF8697F793_PREVIEW_200.JPG]
[508F255643E9C_PREVIEW_200.JPG]
[512CF25FA3EC3_PREVIEW_200.JPG]
[ARTICLE_780AE942_C3EF_11E2_B2_6.HTM]
[5147790F154B8_PREVIEW_200.PNG]
[51477DF73F36B_PREVIEW_200.PNG]
[INDEX.HTM]
[513621F3E5580_PREVIEW_200.PNG]
[513A374687B6D_PREVIEW_200.JPG]
[508EFB1D35EF4_PREVIEW_200.JPG]
[51363252D973B_PREVIEW_200.JPG]
[51363F7B04490_PREVIEW_200.PNG]
[514770DE247D3_PREVIEW_200.JPG]
[51364B2566284_PREVIEW_200.JPG]
[51377FD8ED789_PREVIEW_200.JPG]
[514772BCD88C9_PREVIEW_200.GIF]
[51364AFB258F8_PREVIEW_200.JPG]
[51376FB9D7849_PREVIEW_200.PNG]
[5147844E59DAC_PREVIEW_200.JPG]
[51477641C699E_PREVIEW_200.JPG]
[513A42640158F_PREVIEW_200.PNG]
[513A26B6683DF_PREVIEW_200.PNG]
[51362C5D3EA66_PREVIEW_200.JPG]
[513A3F279AA93_PREVIEW_200.JPG]
[519F96984666F_IMAGE.JPG]
[50F6EEB065FB2_PREVIEW_200.PNG]
[51361BFCB893E_PREVIEW_200.JPG]
[513619445ADB5_PREVIEW_200.JPG]
[515DDFEB9D2F6_PREVIEW_200.JPG]
[51433E68A6A78_PREVIEW_200.PNG]
[513A14E4DD278_PREVIEW_200.PNG]
[51433E876A68B_PREVIEW_200.PNG]
[513A0D6FD7ECB_PREVIEW_200.JPG]
[5148899B7BB47_PREVIEW_200.JPG]
[513A15F6EB9DD_PREVIEW_200.JPG]
[508F2948C787B_PREVIEW_200.JPG]
[51376D537E3FC_PREVIEW_200.JPG]
[513A121FE23B0_PREVIEW_200.JPG]
[RAIL_MIDDLE_EXTRA_SECONDARY1428.JS]
[RAIL_BOTTOM_SECONDARY12E45.JS]
[INTERNAL_COMMON_MINB244.JS]
[ARTICLE_780AE942_C3EF_11E2_B29C.HTM]
[INDEX.HTM]
[ARTICLE_780AE942_C3EF_11E2_B2_2.HTM]
[ARTICLE_780AE942_C3EF_11E2_B2_3.HTM]
[ARTICLE_780AE942_C3EF_11E2_B2_4.HTM]
[ARTICLE_780AE942_C3EF_11E2_B2_5.HTM]
[ARTICLE_780AE942_C3EF_11E2_B2_6.HTM]
[ARTICLE_CDABE27E_C48B_11E2_854C.HTM]
[ARTICLE_41D525BC_C48B_11E2_A842.HTM]
[ARTICLE_E20A0B76_C489_11E2_9189.HTM]
[ARTICLE_ADFDE35C_C489_11E2_8A4E.HTM]
[519E8BD752855_IMAGE.JPG]
[JQUERY_UI_DEFAULT_MIN47B3.CSS]
[DROPDOWN81C9.CSS]
[SUN.JPG]
[DROPDOWN_VERTICAL81C9.CSS]
[DEFAULT81C9.CSS]
[STYLES_MIN13D2.CSS]
[_SWITCHER5D21.CSS]
[PLACE_HOLDERB985.PNG]
[USER_70.PNG]
[GLOWF41F.CSS]
[2AB24.PNG]
[SITE7EC2.CSS]
[SOCIAL_SHARE_MIND8A1.CSS]
[519E8BDAD8F10_PREVIEW_300.JPG]
[EXTERNAL_COMMON_MINB985.JS]
[519E8C3BB60A1_PREVIEW_300.JPG]
[NO_AVATAR.PNG]
[COMMENTINGA1DF.CSS]
[ADS666A.CSS]
[ADS_DEMO_MIN666A.CSS]
[JQUERY_MINB4EF.JS]
[51488C490562F_PREVIEW_200.JPG]
[JQUERY_UI_MIN47B3.JS]
[YEPNOPE_MIN85DD.JS]
[508EF8697F793_PREVIEW_200.JPG]
[508F255643E9C_PREVIEW_200.JPG]
[5147790F154B8_PREVIEW_200.PNG]
[USER13D2.JS]
[513621F3E5580_PREVIEW_200.PNG]
[51477DF73F36B_PREVIEW_200.PNG]
[JQUERY_COOKIEB985.JS]
[513A374687B6D_PREVIEW_200.JPG]
[508EFB1D35EF4_PREVIEW_200.JPG]
[FLOWPLAYER_3_2_6_MIN9E99.JS]
[51363252D973B_PREVIEW_200.JPG]
[51363F7B04490_PREVIEW_200.PNG]
[FLOWPLAYER_PLAYLIST_3_0_7_MIN9E.JS]
[512CF25FA3EC3_PREVIEW_200.JPG]
[TNCMS_AD_LIMITSADD4.JS]
[51364B2566284_PREVIEW_200.JPG]
[51377FD8ED789_PREVIEW_200.JPG]
[514770DE247D3_PREVIEW_200.JPG]
[ADS.JS]
[SWFOBJECT.JS]
[514772BCD88C9_PREVIEW_200.GIF]
[51364AFB258F8_PREVIEW_200.JPG]
[51376FB9D7849_PREVIEW_200.PNG]
[JQUERY_FRAMEB985.JS]
[COMMENTINGA1DF.JS]
[5147844E59DAC_PREVIEW_200.JPG]
[513A42640158F_PREVIEW_200.PNG]
[EMOTICONSA1DF.JS]
[513A26B6683DF_PREVIEW_200.PNG]
[51362C5D3EA66_PREVIEW_200.JPG]
[REPLYA1DF.JS]
[513A3F279AA93_PREVIEW_200.JPG]
[50F6EEB065FB2_PREVIEW_200.PNG]
[ADS_EXPANDABLE666A.JS]
[51361BFCB893E_PREVIEW_200.JPG]
[513619445ADB5_PREVIEW_200.JPG]
[51477641C699E_PREVIEW_200.JPG]
[ADS_PAGE_CURL666A.JS]
[515DDFEB9D2F6_PREVIEW_200.JPG]
[51433E68A6A78_PREVIEW_200.PNG]
[513A14E4DD278_PREVIEW_200.PNG]
[ADS_TEXT666A.JS]
[FF2.CSS]
[51433E876A68B_PREVIEW_200.PNG]
[513A0D6FD7ECB_PREVIEW_200.JPG]
[5148899B7BB47_PREVIEW_200.JPG]
[TRACKER.JS]
[LEADERBOARD_TOP19DA0.JS]
[508F2948C787B_PREVIEW_200.JPG]
[51376D537E3FC_PREVIEW_200.JPG]
[LEADERBOARD_TOP20860.JS]
[513A121FE23B0_PREVIEW_200.JPG]
[LEADERBOARD_TOP3F713.JS]
[TILE_TOP13FB8.JS]
[513A15F6EB9DD_PREVIEW_200.JPG]
[WEATHER_SPONSOR11CBF.JS]
[INDEX.HTM]
[INDEX.HTM]
[LEADERBOARD_MIDDLE10AC1.JS]
[PENCIL1B009.JS]
[ARTICLE_780AE942_C3EF_11E2_B2_6.HTM]
[IN_STORY1DDC4.JS]
[IN_STORY2DDC4.JS]
[ARTICLE_CDABE27E_C48B_11E2_854C.HTM]
[RAIL_TOP1DD93.JS]
[RAIL_TOP28E64.JS]
[RAIL_TOP36DFD.JS]
[RAIL_MIDDLE_EXTRA1A2D5.JS]
[RAIL_MIDDLE_EXTRA2067B.JS]
[RAIL_MIDDLE_EXTRA34AE1.JS]
[RAIL_MIDDLE_EXTRA44AE1.JS]
[RAIL_MIDDLE_EXTRA53358.JS]
[RAIL_MIDDLE_EXTRA63358.JS]
[RAIL_MIDDLE_EXTRA77D0E.JS]
[RAIL_MIDDLE_EXTRA87D0E.JS]
[RAIL_MIDDLE_EXTRA95365.JS]
[RAIL_MIDDLE_EXTRA10067B.JS]
[RAIL_MIDDLE_EXTRA_SECONDARY1428.JS]
[WIDGETS1BCE.JS]
[FLOWPLAYER_3_1_4_MIN.HTM]
[RAIL_BOTTOM16FEA.JS]
[RAIL_BOTTOM26FEA.JS]
[RAIL_BOTTOM_SECONDARY12E45.JS]
[LEADERBOARD_BOTTOM1035D.JS]
[TILE_BOTTOM1E9ED.JS]
[PAGE_CURL1E892.JS]
[INTERNAL_COMMON_MINB244.JS]
[EXTERNAL_COMMON_MINB985.JS]
