[710319871.html]
[ogimage_wdt.png]
[apple-touch-icon-precomposed.png]
[default.css]
[customnews.js]
[mobilesite.png]
[downarrow-336699-11x5.png]
[uparrow-fff-999-17x9.png]
[printicon.png]
[emailicon.png]
[button1-share.gif]
[addthis_widget.js]
[searchicon.png]
[searchsubmit.png]
[icon_feeds.gif]
[icon_facebook.gif]
[icon_twitter.gif]
[icon_ios.png]
[icon_android.png]
[soh_icon.jpg]
[wdt.jpg]
[quant.js]
[p-e8dnakccf7tha.gif]
[embed.js]
[710319871.html]
[default.css]
[library2a96.js]
[default2a96.js]
[nav2a96.js]
[customnews.js]
[addthis_widget.js]
[quant.js]
[s_code.js]
